


===== Starting up [GOOGLE CAL API] =====


===== Starting up [GOOGLE CAL API] =====


===== Starting up [GOOGLE CAL API] =====
info: main_test: starting Notion logger


===== Starting up [GOOGLE CAL API] =====


===== Starting up [GOOGLE CAL API] =====
info: main_test: starting Notion logger


===== Starting up [GOOGLE CAL API] =====


===== Starting up [GOOGLE CAL API] =====
info: main_test: starting Notion logger


===== Starting up [GOOGLE CAL API] =====


===== Starting up [GOOGLE CAL API] =====
info: main_test: starting Notion logger


===== Starting up [GOOGLE CAL API] =====


===== Starting up [GOOGLE CAL API] =====
adding task to google calendar: [object Object]
info: main_test: starting Notion logger


===== Starting up [GOOGLE CAL API] =====


===== Starting up [GOOGLE CAL API] =====
info: main_test: starting Notion logger


===== Starting up [GOOGLE CAL API] =====


===== Starting up [GOOGLE CAL API] =====
info: main_test: starting Notion logger


===== Starting up [GOOGLE CAL API] =====


===== Starting up [GOOGLE CAL API] =====
info: main_test: starting Notion logger


===== Starting up [GOOGLE CAL API] =====


===== Starting up [GOOGLE CAL API] =====
adding task to google calendar: {"summary":"crazy thing","start":{"dateTime":"2021-07-11T03:00:00.000Z"},"end":{"dateTime":"2021-07-11T04:00:00.000Z"}}


===== Starting up [GOOGLE CAL API] =====


===== Starting up [GOOGLE CAL API] =====


===== Starting up [GOOGLE CAL API] =====


===== Starting up [GOOGLE CAL API] =====


===== Starting up [GOOGLE CAL API] =====


===== Starting up [GOOGLE CAL API] =====


===== Starting up [GOOGLE CAL API] =====


===== Starting up [GOOGLE CAL API] =====


===== Starting up [GOOGLE CAL API] =====


===== Starting up [GOOGLE CAL API] =====


===== Starting up [GOOGLE CAL API] =====
adding task to google calendar: {
  "summary": "Helping Marlene Move",
  "start": {
    "dateTime": "2021-07-24T14:00:00.000Z"
  },
  "end": {
    "dateTime": "2021-07-24T22:00:00.000Z"
  }
}
adding task to google calendar: {
  "summary": "Nil <> Mroczka Catchup",
  "start": {
    "dateTime": "2021-07-18T20:00:00.000Z"
  },
  "end": {
    "dateTime": "2021-07-18T20:30:00.000Z"
  }
}
adding task to google calendar: {
  "summary": "Conor Summary Session",
  "start": {
    "dateTime": "2021-07-16T22:00:00.000Z"
  },
  "end": {
    "dateTime": "2021-07-16T23:00:00.000Z"
  }
}
adding task to google calendar: {
  "summary": "Skilled Event",
  "start": {
    "dateTime": "2021-07-14T00:00:00.000Z"
  },
  "end": {
    "dateTime": "2021-07-14T02:15:00.000Z"
  }
}
adding task to google calendar: {
  "summary": "Microsoft TEALS Summer Training: Best Practices - Computer Science Education",
  "start": {
    "dateTime": "2021-07-13T21:30:00.000Z"
  },
  "end": {
    "dateTime": "2021-07-13T23:30:00.000Z"
  }
}
adding task to google calendar: {
  "summary": "Call with Dylan",
  "start": {
    "dateTime": "2021-07-12T23:00:00.000Z"
  },
  "end": {
    "dateTime": "2021-07-13T00:00:00.000Z"
  }
}
adding task to google calendar: {
  "summary": "FB Interview",
  "start": {
    "dateTime": "2021-07-12T16:00:00.000Z"
  },
  "end": {
    "dateTime": "2021-07-12T17:00:00.000Z"
  }
}


===== Starting up [GOOGLE CAL API] =====


===== Starting up [GOOGLE CAL API] =====
	info: updating calendar changes with the following patch:
 {
  "id": "52b06d9c-5bda-4fdd-b6aa-c9b5440c0bc3",
  "name": "Helping Marlene Move",
  "updatedTime": "2021-07-11T03:47:00.000Z",
  "startTime": "2021-07-24T09:00:00-05:00",
  "endTime": "2021-07-24T18:00:00-05:00"
} 


===== Starting up [GOOGLE CAL API] =====


===== Starting up [GOOGLE CAL API] =====


===== Starting up [GOOGLE CAL API] =====


===== Starting up [GOOGLE CAL API] =====


===== Starting up [GOOGLE CAL API] =====


===== Starting up [GOOGLE CAL API] =====


===== Starting up [GOOGLE CAL API] =====


===== Starting up [GOOGLE CAL API] =====


===== Starting up [GOOGLE CAL API] =====


===== Starting up [GOOGLE CAL API] =====


===== Starting up [GOOGLE CAL API] =====
adding task to google calendar: {
  "summary": "Mark/Mike Session",
  "start": {
    "dateTime": "2021-07-13T00:00:00.000Z"
  },
  "end": {
    "dateTime": "2021-07-13T01:00:00.000Z"
  }
}
adding task to google calendar: {
  "summary": "Helping Marlene Move",
  "start": {
    "dateTime": "2021-07-24T14:00:00.000Z"
  },
  "end": {
    "dateTime": "2021-07-24T23:00:00.000Z"
  }
}
adding task to google calendar: {
  "summary": "Nil <> Mroczka Catchup",
  "start": {
    "dateTime": "2021-07-18T20:00:00.000Z"
  },
  "end": {
    "dateTime": "2021-07-18T20:30:00.000Z"
  }
}
adding task to google calendar: {
  "summary": "Conor Summary Session",
  "start": {
    "dateTime": "2021-07-16T22:00:00.000Z"
  },
  "end": {
    "dateTime": "2021-07-16T23:00:00.000Z"
  }
}
adding task to google calendar: {
  "summary": "Skilled Event",
  "start": {
    "dateTime": "2021-07-14T00:00:00.000Z"
  },
  "end": {
    "dateTime": "2021-07-14T02:15:00.000Z"
  }
}
adding task to google calendar: {
  "summary": "Microsoft TEALS Summer Training: Best Practices - Computer Science Education",
  "start": {
    "dateTime": "2021-07-13T21:30:00.000Z"
  },
  "end": {
    "dateTime": "2021-07-13T23:30:00.000Z"
  }
}
adding task to google calendar: {
  "summary": "Call with Dylan",
  "start": {
    "dateTime": "2021-07-12T23:00:00.000Z"
  },
  "end": {
    "dateTime": "2021-07-13T00:00:00.000Z"
  }
}
adding task to google calendar: {
  "summary": "FB Interview",
  "start": {
    "dateTime": "2021-07-12T16:00:00.000Z"
  },
  "end": {
    "dateTime": "2021-07-12T17:00:00.000Z"
  }
}
adding task to google calendar: {
  "summary": "Call with Dylan",
  "start": {
    "dateTime": "2021-07-19T23:00:00.000Z"
  },
  "end": {
    "dateTime": "2021-07-20T00:00:00.000Z"
  }
}
adding task to google calendar: {
  "summary": "Go to Dentist appointment 2 for the year",
  "start": {
    "dateTime": "2021-10-05T05:00:00.000Z"
  },
  "end": {
    "dateTime": "2021-10-05T05:30:00.000Z"
  }
}


===== Starting up [GOOGLE CAL API] =====


===== Starting up [GOOGLE CAL API] =====


===== Starting up [GOOGLE CAL API] =====
	info: updating calendar changes with the following patch:
 {
  "id": "4c503258-09e7-4f1e-85e3-37db3f2267cb",
  "name": "wawf",
  "updatedTime": "2021-07-11T04:57:00.000Z",
  "startTime": "2021-07-11T13:30:00-05:00",
  "endTime": "2021-07-11T14:15:00-05:00"
} 


===== Starting up [GOOGLE CAL API] =====


===== Starting up [GOOGLE CAL API] =====


===== Starting up [GOOGLE CAL API] =====


===== Starting up [GOOGLE CAL API] =====


===== Starting up [GOOGLE CAL API] =====


===== Starting up [GOOGLE CAL API] =====


===== Starting up [GOOGLE CAL API] =====
	info: updating calendar changes with the following patch:
 {
  "id": "6123ef7f-4ac1-423b-aaf6-80fe3d115083",
  "name": "Deploy Rezap to Linux box",
  "updatedTime": "2021-07-11T14:41:00.000Z",
  "startTime": "2021-07-11T10:00:00-05:00",
  "endTime": "2021-07-11T11:00:00-05:00"
} 